#
# There is insufficient memory for the Java Runtime Environment to continue.
# Native memory allocation (malloc) failed to allocate 1048576 bytes for AllocateHeap
# Possible reasons:
#   The system is out of physical RAM or swap space
#   The process is running with CompressedOops enabled, and the Java Heap may be blocking the growth of the native heap
# Possible solutions:
#   Reduce memory load on the system
#   Increase physical memory or swap space
#   Check if swap backing store is full
#   Decrease Java heap size (-Xmx/-Xms)
#   Decrease number of Java threads
#   Decrease Java thread stack sizes (-Xss)
#   Set larger code cache with -XX:ReservedCodeCacheSize=
#   JVM is running with Unscaled Compressed Oops mode in which the Java heap is
#     placed in the first 4GB address space. The Java Heap base address is the
#     maximum limit for the native heap growth. Please use -XX:HeapBaseMinAddress
#     to set the Java Heap base and to place the Java Heap above 4GB virtual address.
# This output file may be truncated or incomplete.
#
#  Out of Memory Error (memory/allocation.inline.hpp:61), pid=23312, tid=0x00000000000043f0
#
# JRE version:  (8.0_212-b04) (build )
# Java VM: OpenJDK 64-Bit Server VM (25.212-b04 mixed mode windows-amd64 compressed oops)
# Failed to write core dump. Minidumps are not enabled by default on client versions of Windows
#

---------------  T H R E A D  ---------------

Current thread (0x0000000002618000):  JavaThread "Unknown thread" [_thread_in_vm, id=17392, stack(0x00000000024d0000,0x00000000025d0000)]

Stack: [0x00000000024d0000,0x00000000025d0000]
[error occurred during error reporting (printing stack bounds), id 0xc0000005]

Native frames: (J=compiled Java code, j=interpreted, Vv=VM code, C=native code)


---------------  P R O C E S S  ---------------

Java Threads: ( => current thread )

Other Threads:

=>0x0000000002618000 (exited) JavaThread "Unknown thread" [_thread_in_vm, id=17392, stack(0x00000000024d0000,0x00000000025d0000)]

VM state:not at safepoint (normal execution)

VM Mutex/Monitor currently owned by a thread: None

heap address: 0x0000000081c00000, size: 2020 MB, Compressed Oops mode: 32-bit
Narrow klass base: 0x0000000000000000, Narrow klass shift: 3
Compressed class space size: 1073741824 Address: 0x0000000100000000

Heap:
 PSYoungGen      total 38400K, used 665K [0x00000000d5f00000, 0x00000000d8980000, 0x0000000100000000)
  eden space 33280K, 2% used [0x00000000d5f00000,0x00000000d5fa6670,0x00000000d7f80000)
  from space 5120K, 0% used [0x00000000d8480000,0x00000000d8480000,0x00000000d8980000)
  to   space 5120K, 0% used [0x00000000d7f80000,0x00000000d7f80000,0x00000000d8480000)
 ParOldGen       total 87552K, used 0K [0x0000000081c00000, 0x0000000087180000, 0x00000000d5f00000)
  object space 87552K, 0% used [0x0000000081c00000,0x0000000081c00000,0x0000000087180000)
 Metaspace       used 872K, capacity 4480K, committed 4480K, reserved 1056768K
  class space    used 74K, capacity 384K, committed 384K, reserved 1048576K

Card table byte_map: [0x0000000011a90000,0x0000000011e90000] byte_map_base: 0x0000000011682000

Marking Bits: (ParMarkBitMap*) 0x00000000754caec0
 Begin Bits: [0x0000000012940000, 0x00000000148d0000)
 End Bits:   [0x00000000148d0000, 0x0000000016860000)

Polling page: 0x00000000020c0000

CodeCache: size=245760Kb used=328Kb max_used=328Kb free=245431Kb
 bounds [0x00000000026d0000, 0x0000000002940000, 0x00000000116d0000]
 total_blobs=57 nmethods=0 adapters=38
 compilation: enabled

Compilation events (0 events):
No events

GC Heap History (0 events):
No events

Deoptimization events (0 events):
No events

Classes redefined (0 events):
No events

Internal exceptions (0 events):
No events

Events (216 events):
Event: 0.012 loading class java/lang/Object
Event: 0.017 loading class java/lang/Object done
Event: 0.017 loading class java/lang/String
Event: 0.018 loading class java/io/Serializable
Event: 0.018 loading class java/io/Serializable done
Event: 0.018 loading class java/lang/Comparable
Event: 0.018 loading class java/lang/Comparable done
Event: 0.018 loading class java/lang/CharSequence
Event: 0.018 loading class java/lang/CharSequence done
Event: 0.018 loading class java/lang/String done
Event: 0.018 loading class java/lang/Class
Event: 0.019 loading class java/lang/reflect/GenericDeclaration
Event: 0.019 loading class java/lang/reflect/AnnotatedElement
Event: 0.019 loading class java/lang/reflect/AnnotatedElement done
Event: 0.019 loading class java/lang/reflect/GenericDeclaration done
Event: 0.019 loading class java/lang/reflect/Type
Event: 0.019 loading class java/lang/reflect/Type done
Event: 0.019 loading class java/lang/Class done
Event: 0.019 loading class java/lang/Cloneable
Event: 0.019 loading class java/lang/Cloneable done
Event: 0.019 loading class java/lang/ClassLoader
Event: 0.020 loading class java/lang/ClassLoader done
Event: 0.020 loading class java/lang/System
Event: 0.020 loading class java/lang/System done
Event: 0.020 loading class java/lang/Throwable
Event: 0.020 loading class java/lang/Throwable done
Event: 0.020 loading class java/lang/Error
Event: 0.020 loading class java/lang/Error done
Event: 0.020 loading class java/lang/ThreadDeath
Event: 0.020 loading class java/lang/ThreadDeath done
Event: 0.020 loading class java/lang/Exception
Event: 0.020 loading class java/lang/Exception done
Event: 0.020 loading class java/lang/RuntimeException
Event: 0.021 loading class java/lang/RuntimeException done
Event: 0.021 loading class java/lang/SecurityManager
Event: 0.021 loading class java/lang/SecurityManager done
Event: 0.021 loading class java/security/ProtectionDomain
Event: 0.021 loading class java/security/ProtectionDomain done
Event: 0.021 loading class java/security/AccessControlContext
Event: 0.021 loading class java/security/AccessControlContext done
Event: 0.021 loading class java/security/SecureClassLoader
Event: 0.021 loading class java/security/SecureClassLoader done
Event: 0.021 loading class java/lang/ClassNotFoundException
Event: 0.021 loading class java/lang/ReflectiveOperationException
Event: 0.021 loading class java/lang/ReflectiveOperationException done
Event: 0.021 loading class java/lang/ClassNotFoundException done
Event: 0.021 loading class java/lang/NoClassDefFoundError
Event: 0.021 loading class java/lang/LinkageError
Event: 0.022 loading class java/lang/LinkageError done
Event: 0.022 loading class java/lang/NoClassDefFoundError done
Event: 0.022 loading class java/lang/ClassCastException
Event: 0.022 loading class java/lang/ClassCastException done
Event: 0.022 loading class java/lang/ArrayStoreException
Event: 0.022 loading class java/lang/ArrayStoreException done
Event: 0.022 loading class java/lang/VirtualMachineError
Event: 0.022 loading class java/lang/VirtualMachineError done
Event: 0.022 loading class java/lang/OutOfMemoryError
Event: 0.022 loading class java/lang/OutOfMemoryError done
Event: 0.022 loading class java/lang/StackOverflowError
Event: 0.022 loading class java/lang/StackOverflowError done
Event: 0.022 loading class java/lang/IllegalMonitorStateException
Event: 0.022 loading class java/lang/IllegalMonitorStateException done
Event: 0.022 loading class java/lang/ref/Reference
Event: 0.022 loading class java/lang/ref/Reference done
Event: 0.022 loading class java/lang/ref/SoftReference
Event: 0.022 loading class java/lang/ref/SoftReference done
Event: 0.022 loading class java/lang/ref/WeakReference
Event: 0.022 loading class java/lang/ref/WeakReference done
Event: 0.022 loading class java/lang/ref/FinalReference
Event: 0.022 loading class java/lang/ref/FinalReference done
Event: 0.022 loading class java/lang/ref/PhantomReference
Event: 0.022 loading class java/lang/ref/PhantomReference done
Event: 0.022 loading class sun/misc/Cleaner
Event: 0.022 loading class sun/misc/Cleaner done
Event: 0.022 loading class java/lang/ref/Finalizer
Event: 0.022 loading class java/lang/ref/Finalizer done
Event: 0.022 loading class java/lang/ref/ReferenceQueue
Event: 0.022 loading class java/lang/ref/ReferenceQueue done
Event: 0.022 loading class java/lang/Thread
Event: 0.023 loading class java/lang/Runnable
Event: 0.023 loading class java/lang/Runnable done
Event: 0.023 loading class java/lang/Thread done
Event: 0.023 loading class java/lang/ThreadGroup
Event: 0.023 loading class java/lang/Thread$UncaughtExceptionHandler
Event: 0.023 loading class java/lang/Thread$UncaughtExceptionHandler done
Event: 0.023 loading class java/lang/ThreadGroup done
Event: 0.023 loading class java/util/Properties
Event: 0.023 loading class java/util/Hashtable
Event: 0.024 loading class java/util/Map
Event: 0.024 loading class java/util/Map done
Event: 0.024 loading class java/util/Dictionary
Event: 0.024 loading class java/util/Dictionary done
Event: 0.024 loading class java/util/Hashtable done
Event: 0.024 loading class java/util/Properties done
Event: 0.024 loading class java/lang/reflect/AccessibleObject
Event: 0.024 loading class java/lang/reflect/AccessibleObject done
Event: 0.024 loading class java/lang/reflect/Field
Event: 0.024 loading class java/lang/reflect/Member
Event: 0.024 loading class java/lang/reflect/Member done
Event: 0.024 loading class java/lang/reflect/Field done
Event: 0.024 loading class java/lang/reflect/Parameter
Event: 0.024 loading class java/lang/reflect/Parameter done
Event: 0.024 loading class java/lang/reflect/Method
Event: 0.024 loading class java/lang/reflect/Executable
Event: 0.024 loading class java/lang/reflect/Executable done
Event: 0.024 loading class java/lang/reflect/Method done
Event: 0.024 loading class java/lang/reflect/Constructor
Event: 0.025 loading class java/lang/reflect/Constructor done
Event: 0.025 loading class sun/reflect/MagicAccessorImpl
Event: 0.025 loading class sun/reflect/MagicAccessorImpl done
Event: 0.025 loading class sun/reflect/MethodAccessorImpl
Event: 0.025 loading class sun/reflect/MethodAccessor
Event: 0.025 loading class sun/reflect/MethodAccessor done
Event: 0.025 loading class sun/reflect/MethodAccessorImpl done
Event: 0.025 loading class sun/reflect/ConstructorAccessorImpl
Event: 0.025 loading class sun/reflect/ConstructorAccessor
Event: 0.025 loading class sun/reflect/ConstructorAccessor done
Event: 0.025 loading class sun/reflect/ConstructorAccessorImpl done
Event: 0.025 loading class sun/reflect/DelegatingClassLoader
Event: 0.025 loading class sun/reflect/DelegatingClassLoader done
Event: 0.025 loading class sun/reflect/ConstantPool
Event: 0.025 loading class sun/reflect/ConstantPool done
Event: 0.025 loading class sun/reflect/UnsafeStaticFieldAccessorImpl
Event: 0.025 loading class sun/reflect/UnsafeFieldAccessorImpl
Event: 0.025 loading class sun/reflect/FieldAccessorImpl
Event: 0.025 loading class sun/reflect/FieldAccessor
Event: 0.025 loading class sun/reflect/FieldAccessor done
Event: 0.025 loading class sun/reflect/FieldAccessorImpl done
Event: 0.025 loading class sun/reflect/UnsafeFieldAccessorImpl done
Event: 0.025 loading class sun/reflect/UnsafeStaticFieldAccessorImpl done
Event: 0.025 loading class sun/reflect/CallerSensitive
Event: 0.025 loading class java/lang/annotation/Annotation
Event: 0.025 loading class java/lang/annotation/Annotation done
Event: 0.025 loading class sun/reflect/CallerSensitive done
Event: 0.025 loading class java/lang/invoke/DirectMethodHandle
Event: 0.025 loading class java/lang/invoke/MethodHandle
Event: 0.025 loading class java/lang/invoke/MethodHandle done
Event: 0.025 loading class java/lang/invoke/DirectMethodHandle done
Event: 0.026 loading class java/lang/invoke/MemberName
Event: 0.026 loading class java/lang/invoke/MemberName done
Event: 0.026 loading class java/lang/invoke/MethodHandleNatives
Event: 0.026 loading class java/lang/invoke/MethodHandleNatives done
Event: 0.026 loading class java/lang/invoke/LambdaForm
Event: 0.026 loading class java/lang/invoke/LambdaForm done
Event: 0.026 loading class java/lang/invoke/MethodType
Event: 0.027 loading class java/lang/invoke/MethodType done
Event: 0.027 loading class java/lang/BootstrapMethodError
Event: 0.027 loading class java/lang/BootstrapMethodError done
Event: 0.027 loading class java/lang/invoke/CallSite
Event: 0.027 loading class java/lang/invoke/CallSite done
Event: 0.027 loading class java/lang/invoke/ConstantCallSite
Event: 0.027 loading class java/lang/invoke/ConstantCallSite done
Event: 0.027 loading class java/lang/invoke/MutableCallSite
Event: 0.027 loading class java/lang/invoke/MutableCallSite done
Event: 0.027 loading class java/lang/invoke/VolatileCallSite
Event: 0.027 loading class java/lang/invoke/VolatileCallSite done
Event: 0.027 loading class java/lang/StringBuffer
Event: 0.027 loading class java/lang/AbstractStringBuilder
Event: 0.027 loading class java/lang/Appendable
Event: 0.027 loading class java/lang/Appendable done
Event: 0.027 loading class java/lang/AbstractStringBuilder done
Event: 0.027 loading class java/lang/StringBuffer done
Event: 0.027 loading class java/lang/StringBuilder
Event: 0.028 loading class java/lang/StringBuilder done
Event: 0.028 loading class sun/misc/Unsafe
Event: 0.028 loading class sun/misc/Unsafe done
Event: 0.028 loading class java/io/ByteArrayInputStream
Event: 0.028 loading class java/io/InputStream
Event: 0.028 loading class java/io/Closeable
Event: 0.028 loading class java/lang/AutoCloseable
Event: 0.028 loading class java/lang/AutoCloseable done
Event: 0.028 loading class java/io/Closeable done
Event: 0.028 loading class java/io/InputStream done
Event: 0.028 loading class java/io/ByteArrayInputStream done
Event: 0.028 loading class java/io/File
Event: 0.028 loading class java/io/File done
Event: 0.028 loading class java/net/URLClassLoader
Event: 0.028 loading class java/net/URLClassLoader done
Event: 0.028 loading class java/net/URL
Event: 0.028 loading class java/net/URL done
Event: 0.028 loading class java/util/jar/Manifest
Event: 0.029 loading class java/util/jar/Manifest done
Event: 0.029 loading class sun/misc/Launcher
Event: 0.029 loading class sun/misc/Launcher done
Event: 0.029 loading class sun/misc/Launcher$AppClassLoader
Event: 0.029 loading class sun/misc/Launcher$AppClassLoader done
Event: 0.029 loading class sun/misc/Launcher$ExtClassLoader
Event: 0.029 loading class sun/misc/Launcher$ExtClassLoader done
Event: 0.029 loading class java/security/CodeSource
Event: 0.029 loading class java/security/CodeSource done
Event: 0.029 loading class java/lang/StackTraceElement
Event: 0.029 loading class java/lang/StackTraceElement done
Event: 0.029 loading class java/nio/Buffer
Event: 0.029 loading class java/nio/Buffer done
Event: 0.029 loading class java/lang/Boolean
Event: 0.029 loading class java/lang/Boolean done
Event: 0.029 loading class java/lang/Character
Event: 0.029 loading class java/lang/Character done
Event: 0.029 loading class java/lang/Float
Event: 0.029 loading class java/lang/Number
Event: 0.029 loading class java/lang/Number done
Event: 0.029 loading class java/lang/Float done
Event: 0.029 loading class java/lang/Double
Event: 0.030 loading class java/lang/Double done
Event: 0.030 loading class java/lang/Byte
Event: 0.030 loading class java/lang/Byte done
Event: 0.030 loading class java/lang/Short
Event: 0.030 loading class java/lang/Short done
Event: 0.030 loading class java/lang/Integer
Event: 0.030 loading class java/lang/Integer done
Event: 0.030 loading class java/lang/Long
Event: 0.030 loading class java/lang/Long done
Event: 0.031 loading class java/lang/NullPointerException
Event: 0.031 loading class java/lang/NullPointerException done
Event: 0.031 loading class java/lang/ArithmeticException
Event: 0.031 loading class java/lang/ArithmeticException done


Dynamic libraries:
0x00007ff7280c0000 - 0x00007ff728109000 	D:\JDK\bin\javaw.exe
0x00007ff93a4a0000 - 0x00007ff93a661000 	C:\Windows\SYSTEM32\ntdll.dll
0x00007ff93a200000 - 0x00007ff93a2ad000 	C:\Windows\system32\KERNEL32.DLL
0x00007ff937370000 - 0x00007ff937558000 	C:\Windows\system32\KERNELBASE.dll
0x00007ff9390f0000 - 0x00007ff939197000 	C:\Windows\system32\ADVAPI32.dll
0x00007ff93a3e0000 - 0x00007ff93a47d000 	C:\Windows\system32\msvcrt.dll
0x00007ff939810000 - 0x00007ff93986b000 	C:\Windows\system32\sechost.dll
0x00007ff9391a0000 - 0x00007ff9392bc000 	C:\Windows\system32\RPCRT4.dll
0x00007ff939f40000 - 0x00007ff93a096000 	C:\Windows\system32\USER32.dll
0x00007ff939db0000 - 0x00007ff939f36000 	C:\Windows\system32\GDI32.dll
0x00007ff9224c0000 - 0x00007ff922734000 	C:\Windows\WinSxS\amd64_microsoft.windows.common-controls_6595b64144ccf1df_6.0.10586.0_none_8c15ae12515e1c22\COMCTL32.dll
0x00007ff9378b0000 - 0x00007ff937b2d000 	C:\Windows\system32\combase.dll
0x00007ff937830000 - 0x00007ff93789a000 	C:\Windows\system32\bcryptPrimitives.dll
0x00007ff93a1c0000 - 0x00007ff93a1fb000 	C:\Windows\system32\IMM32.DLL
0x0000000074ad0000 - 0x0000000074ba2000 	D:\JDK\jre\bin\msvcr100.dll
0x0000000074c90000 - 0x0000000075550000 	D:\JDK\jre\bin\server\jvm.dll
0x00007ff9378a0000 - 0x00007ff9378a8000 	C:\Windows\system32\PSAPI.DLL
0x00007ff933650000 - 0x00007ff933659000 	C:\Windows\SYSTEM32\WSOCK32.dll
0x00007ff933d50000 - 0x00007ff933d73000 	C:\Windows\SYSTEM32\WINMM.dll
0x00007ff92ba90000 - 0x00007ff92ba9a000 	C:\Windows\SYSTEM32\VERSION.dll
0x00007ff939870000 - 0x00007ff9398db000 	C:\Windows\system32\WS2_32.dll
0x00007ff933d20000 - 0x00007ff933d4c000 	C:\Windows\SYSTEM32\WINMMBASE.dll
0x00007ff9377e0000 - 0x00007ff937823000 	C:\Windows\system32\cfgmgr32.dll
0x00007ff926970000 - 0x00007ff92697f000 	D:\JDK\jre\bin\verify.dll
0x00007ff918a70000 - 0x00007ff918a99000 	D:\JDK\jre\bin\java.dll
0x00007ff926640000 - 0x00007ff926656000 	D:\JDK\jre\bin\zip.dll

VM Arguments:
jvm_args: -Dfile.encoding=MS949 
java_command: trs.movie.ui.MovieUI
java_class_path (initial): D:\kth\movie\bin;C:\oraclexe\app\oracle\product\11.2.0\server\jdbc\lib\ojdbc6.jar
Launcher Type: SUN_STANDARD

Environment Variables:
JAVA_HOME=D:\JDK
CLASSPATH=.;d:\hoenwork
PATH=D:/JDK/BIN/../jre/bin/server;D:/JDK/BIN/../jre/bin;D:/JDK/BIN/../jre/lib/amd64;C:\oraclexe\app\oracle\product\11.2.0\server\bin;;D:\JDK\BIN;.;d:\hoenwork;C:\oraclexe\app\oracle\product\11.2.0\server\bin;C:\ProgramData\Oracle\Java\javapath;C:\Windows\system32;C:\Windows;C:\Windows\System32\Wbem;C:\Windows\System32\WindowsPowerShell\v1.0\;C:\Program Files\Bandizip\;C:\Windows\System32;
USERNAME=USER
OS=Windows_NT
PROCESSOR_IDENTIFIER=Intel64 Family 6 Model 158 Stepping 9, GenuineIntel



---------------  S Y S T E M  ---------------

OS: Windows 10.0 , 64 bit Build 10586 (10.0.10586.0)

CPU:total 8 (initial active 8) (4 cores per cpu, 2 threads per core) family 6 model 158 stepping 9, cmov, cx8, fxsr, mmx, sse, sse2, sse3, ssse3, sse4.1, sse4.2, popcnt, avx, avx2, aes, clmul, erms, rtm, 3dnowpref, lzcnt, ht, tsc, tscinvbit, bmi1, bmi2, adx

Memory: 4k page, physical 8272396k(2641136k free), swap 33438220k(5312k free)

vm_info: OpenJDK 64-Bit Server VM (25.212-b04) for windows-amd64 JRE (1.8.0_212-1-ojdkbuild-b04), built on Apr 23 2019 06:07:37 by "Administrator" with MS VC++ 10.0 (VS2010)

time: Mon Jul 22 16:08:24 2019
timezone: 대한민국 표준시
elapsed time: 0 seconds (0d 0h 0m 0s)

